2019-11-15 12:28:06,826 INFO org.springframework.boot.StartupInfoLogger [main] Starting CourseApiApp on LAPTOP-HMFUJK93 with PID 92 (started by SABAB in D:\IntelliJ Projects\Spring-Boot-Course-API)
2019-11-15 12:28:06,828 DEBUG org.springframework.boot.StartupInfoLogger [main] Running with Spring Boot v1.5.9.RELEASE, Spring v4.3.13.RELEASE
2019-11-15 12:28:06,828 INFO org.springframework.boot.SpringApplication [main] No active profile set, falling back to default profiles: default
2019-11-15 12:28:06,880 INFO org.springframework.context.support.AbstractApplicationContext [main] Refreshing org.springframework.boot.context.embedded.AnnotationConfigEmbeddedWebApplicationContext@3b2cf7ab: startup date [Fri Nov 15 12:28:06 BDT 2019]; root of context hierarchy
2019-11-15 12:28:07,270 INFO org.hibernate.validator.internal.util.Version [background-preinit] HV000001: Hibernate Validator 5.3.6.Final
2019-11-15 12:28:08,316 INFO org.springframework.boot.context.embedded.tomcat.TomcatEmbeddedServletContainer [main] Tomcat initialized with port(s): 10010 (http)
2019-11-15 12:28:08,330 INFO org.apache.juli.logging.DirectJDKLog [main] Starting service [Tomcat]
2019-11-15 12:28:08,331 INFO org.apache.juli.logging.DirectJDKLog [main] Starting Servlet Engine: Apache Tomcat/8.5.23
2019-11-15 12:28:08,437 INFO org.apache.juli.logging.DirectJDKLog [localhost-startStop-1] Initializing Spring embedded WebApplicationContext
2019-11-15 12:28:08,438 INFO org.springframework.boot.context.embedded.EmbeddedWebApplicationContext [localhost-startStop-1] Root WebApplicationContext: initialization completed in 1558 ms
2019-11-15 12:28:08,562 INFO org.springframework.boot.web.servlet.ServletRegistrationBean [localhost-startStop-1] Mapping servlet: 'dispatcherServlet' to [/]
2019-11-15 12:28:08,568 INFO org.springframework.boot.web.servlet.AbstractFilterRegistrationBean [localhost-startStop-1] Mapping filter: 'characterEncodingFilter' to: [/*]
2019-11-15 12:28:08,569 INFO org.springframework.boot.web.servlet.AbstractFilterRegistrationBean [localhost-startStop-1] Mapping filter: 'hiddenHttpMethodFilter' to: [/*]
2019-11-15 12:28:08,570 INFO org.springframework.boot.web.servlet.AbstractFilterRegistrationBean [localhost-startStop-1] Mapping filter: 'httpPutFormContentFilter' to: [/*]
2019-11-15 12:28:08,570 INFO org.springframework.boot.web.servlet.AbstractFilterRegistrationBean [localhost-startStop-1] Mapping filter: 'requestContextFilter' to: [/*]
2019-11-15 12:28:08,889 INFO org.springframework.web.servlet.mvc.method.annotation.RequestMappingHandlerAdapter [main] Looking for @ControllerAdvice: org.springframework.boot.context.embedded.AnnotationConfigEmbeddedWebApplicationContext@3b2cf7ab: startup date [Fri Nov 15 12:28:06 BDT 2019]; root of context hierarchy
2019-11-15 12:28:08,942 INFO org.springframework.web.servlet.handler.AbstractHandlerMethodMapping$MappingRegistry [main] Mapped "{[/hello]}" onto public java.lang.String com.sample.controller.HelloController.sayHi()
2019-11-15 12:28:08,943 INFO org.springframework.web.servlet.handler.AbstractHandlerMethodMapping$MappingRegistry [main] Mapped "{[/topics],methods=[POST]}" onto public void com.sample.controller.TopicController.addTopic(com.sample.repository.Topic)
2019-11-15 12:28:08,944 INFO org.springframework.web.servlet.handler.AbstractHandlerMethodMapping$MappingRegistry [main] Mapped "{[/topics/{id}]}" onto public com.sample.repository.Topic com.sample.controller.TopicController.getTopicById(java.lang.String)
2019-11-15 12:28:08,945 INFO org.springframework.web.servlet.handler.AbstractHandlerMethodMapping$MappingRegistry [main] Mapped "{[/topics]}" onto public java.util.List<com.sample.repository.Topic> com.sample.controller.TopicController.getTopics()
2019-11-15 12:28:08,945 INFO org.springframework.web.servlet.handler.AbstractHandlerMethodMapping$MappingRegistry [main] Mapped "{[/topics/{id}],methods=[PUT]}" onto public void com.sample.controller.TopicController.updateTopic(com.sample.repository.Topic,java.lang.String)
2019-11-15 12:28:08,947 INFO org.springframework.web.servlet.handler.AbstractHandlerMethodMapping$MappingRegistry [main] Mapped "{[/error]}" onto public org.springframework.http.ResponseEntity<java.util.Map<java.lang.String, java.lang.Object>> org.springframework.boot.autoconfigure.web.BasicErrorController.error(javax.servlet.http.HttpServletRequest)
2019-11-15 12:28:08,948 INFO org.springframework.web.servlet.handler.AbstractHandlerMethodMapping$MappingRegistry [main] Mapped "{[/error],produces=[text/html]}" onto public org.springframework.web.servlet.ModelAndView org.springframework.boot.autoconfigure.web.BasicErrorController.errorHtml(javax.servlet.http.HttpServletRequest,javax.servlet.http.HttpServletResponse)
2019-11-15 12:28:08,967 INFO org.springframework.web.servlet.handler.AbstractUrlHandlerMapping [main] Mapped URL path [/webjars/**] onto handler of type [class org.springframework.web.servlet.resource.ResourceHttpRequestHandler]
2019-11-15 12:28:08,967 INFO org.springframework.web.servlet.handler.AbstractUrlHandlerMapping [main] Mapped URL path [/**] onto handler of type [class org.springframework.web.servlet.resource.ResourceHttpRequestHandler]
2019-11-15 12:28:08,998 INFO org.springframework.web.servlet.handler.AbstractUrlHandlerMapping [main] Mapped URL path [/**/favicon.ico] onto handler of type [class org.springframework.web.servlet.resource.ResourceHttpRequestHandler]
2019-11-15 12:28:09,142 INFO org.springframework.jmx.export.MBeanExporter [main] Registering beans for JMX exposure on startup
2019-11-15 12:28:09,160 INFO org.apache.juli.logging.DirectJDKLog [main] Initializing ProtocolHandler ["http-nio-10010"]
2019-11-15 12:28:09,172 INFO org.apache.juli.logging.DirectJDKLog [main] Starting ProtocolHandler ["http-nio-10010"]
2019-11-15 12:28:09,184 INFO org.apache.juli.logging.DirectJDKLog [main] Using a shared selector for servlet write/read
2019-11-15 12:28:09,204 INFO org.springframework.boot.context.embedded.tomcat.TomcatEmbeddedServletContainer [main] Tomcat started on port(s): 10010 (http)
2019-11-15 12:28:09,208 INFO org.springframework.boot.StartupInfoLogger [main] Started CourseApiApp in 2.639 seconds (JVM running for 3.14)
2019-11-15 12:28:13,905 INFO org.apache.juli.logging.DirectJDKLog [http-nio-10010-exec-2] Initializing Spring FrameworkServlet 'dispatcherServlet'
2019-11-15 12:28:13,905 INFO org.springframework.web.servlet.FrameworkServlet [http-nio-10010-exec-2] FrameworkServlet 'dispatcherServlet': initialization started
2019-11-15 12:28:13,931 INFO org.springframework.web.servlet.FrameworkServlet [http-nio-10010-exec-2] FrameworkServlet 'dispatcherServlet': initialization completed in 25 ms
2019-11-15 12:28:13,957 INFO com.sample.controller.TopicController [http-nio-10010-exec-2] Getting all topics...
2019-11-15 12:28:48,866 INFO com.sample.controller.TopicController [http-nio-10010-exec-3] Adding a new topic...
2019-11-15 12:28:48,866 DEBUG com.sample.controller.TopicController [http-nio-10010-exec-3] Request Body : com.sample.repository.Topic@5519f911
2019-11-15 12:31:04,175 INFO org.springframework.boot.StartupInfoLogger [main] Starting CourseApiApp on LAPTOP-HMFUJK93 with PID 948 (started by SABAB in D:\IntelliJ Projects\Spring-Boot-Course-API)
2019-11-15 12:31:04,177 DEBUG org.springframework.boot.StartupInfoLogger [main] Running with Spring Boot v1.5.9.RELEASE, Spring v4.3.13.RELEASE
2019-11-15 12:31:04,178 INFO org.springframework.boot.SpringApplication [main] No active profile set, falling back to default profiles: default
2019-11-15 12:31:04,224 INFO org.springframework.context.support.AbstractApplicationContext [main] Refreshing org.springframework.boot.context.embedded.AnnotationConfigEmbeddedWebApplicationContext@3b2cf7ab: startup date [Fri Nov 15 12:31:04 BDT 2019]; root of context hierarchy
2019-11-15 12:31:04,548 INFO org.hibernate.validator.internal.util.Version [background-preinit] HV000001: Hibernate Validator 5.3.6.Final
2019-11-15 12:31:05,600 INFO org.springframework.boot.context.embedded.tomcat.TomcatEmbeddedServletContainer [main] Tomcat initialized with port(s): 10010 (http)
2019-11-15 12:31:05,610 INFO org.apache.juli.logging.DirectJDKLog [main] Starting service [Tomcat]
2019-11-15 12:31:05,612 INFO org.apache.juli.logging.DirectJDKLog [main] Starting Servlet Engine: Apache Tomcat/8.5.23
2019-11-15 12:31:05,727 INFO org.apache.juli.logging.DirectJDKLog [localhost-startStop-1] Initializing Spring embedded WebApplicationContext
2019-11-15 12:31:05,727 INFO org.springframework.boot.context.embedded.EmbeddedWebApplicationContext [localhost-startStop-1] Root WebApplicationContext: initialization completed in 1503 ms
2019-11-15 12:31:05,843 INFO org.springframework.boot.web.servlet.ServletRegistrationBean [localhost-startStop-1] Mapping servlet: 'dispatcherServlet' to [/]
2019-11-15 12:31:05,849 INFO org.springframework.boot.web.servlet.AbstractFilterRegistrationBean [localhost-startStop-1] Mapping filter: 'characterEncodingFilter' to: [/*]
2019-11-15 12:31:05,850 INFO org.springframework.boot.web.servlet.AbstractFilterRegistrationBean [localhost-startStop-1] Mapping filter: 'hiddenHttpMethodFilter' to: [/*]
2019-11-15 12:31:05,851 INFO org.springframework.boot.web.servlet.AbstractFilterRegistrationBean [localhost-startStop-1] Mapping filter: 'httpPutFormContentFilter' to: [/*]
2019-11-15 12:31:05,851 INFO org.springframework.boot.web.servlet.AbstractFilterRegistrationBean [localhost-startStop-1] Mapping filter: 'requestContextFilter' to: [/*]
2019-11-15 12:31:06,166 INFO org.springframework.web.servlet.mvc.method.annotation.RequestMappingHandlerAdapter [main] Looking for @ControllerAdvice: org.springframework.boot.context.embedded.AnnotationConfigEmbeddedWebApplicationContext@3b2cf7ab: startup date [Fri Nov 15 12:31:04 BDT 2019]; root of context hierarchy
2019-11-15 12:31:06,225 INFO org.springframework.web.servlet.handler.AbstractHandlerMethodMapping$MappingRegistry [main] Mapped "{[/hello]}" onto public java.lang.String com.sample.controller.HelloController.sayHi()
2019-11-15 12:31:06,227 INFO org.springframework.web.servlet.handler.AbstractHandlerMethodMapping$MappingRegistry [main] Mapped "{[/topics/{id}]}" onto public com.sample.repository.Topic com.sample.controller.TopicController.getTopicById(java.lang.String)
2019-11-15 12:31:06,228 INFO org.springframework.web.servlet.handler.AbstractHandlerMethodMapping$MappingRegistry [main] Mapped "{[/topics/{id}],methods=[PUT]}" onto public void com.sample.controller.TopicController.updateTopic(com.sample.repository.Topic,java.lang.String)
2019-11-15 12:31:06,228 INFO org.springframework.web.servlet.handler.AbstractHandlerMethodMapping$MappingRegistry [main] Mapped "{[/topics],methods=[POST]}" onto public void com.sample.controller.TopicController.addTopic(com.sample.repository.Topic)
2019-11-15 12:31:06,229 INFO org.springframework.web.servlet.handler.AbstractHandlerMethodMapping$MappingRegistry [main] Mapped "{[/topics]}" onto public java.util.List<com.sample.repository.Topic> com.sample.controller.TopicController.getTopics()
2019-11-15 12:31:06,232 INFO org.springframework.web.servlet.handler.AbstractHandlerMethodMapping$MappingRegistry [main] Mapped "{[/error]}" onto public org.springframework.http.ResponseEntity<java.util.Map<java.lang.String, java.lang.Object>> org.springframework.boot.autoconfigure.web.BasicErrorController.error(javax.servlet.http.HttpServletRequest)
2019-11-15 12:31:06,233 INFO org.springframework.web.servlet.handler.AbstractHandlerMethodMapping$MappingRegistry [main] Mapped "{[/error],produces=[text/html]}" onto public org.springframework.web.servlet.ModelAndView org.springframework.boot.autoconfigure.web.BasicErrorController.errorHtml(javax.servlet.http.HttpServletRequest,javax.servlet.http.HttpServletResponse)
2019-11-15 12:31:06,262 INFO org.springframework.web.servlet.handler.AbstractUrlHandlerMapping [main] Mapped URL path [/webjars/**] onto handler of type [class org.springframework.web.servlet.resource.ResourceHttpRequestHandler]
2019-11-15 12:31:06,262 INFO org.springframework.web.servlet.handler.AbstractUrlHandlerMapping [main] Mapped URL path [/**] onto handler of type [class org.springframework.web.servlet.resource.ResourceHttpRequestHandler]
2019-11-15 12:31:06,293 INFO org.springframework.web.servlet.handler.AbstractUrlHandlerMapping [main] Mapped URL path [/**/favicon.ico] onto handler of type [class org.springframework.web.servlet.resource.ResourceHttpRequestHandler]
2019-11-15 12:31:06,437 INFO org.springframework.jmx.export.MBeanExporter [main] Registering beans for JMX exposure on startup
2019-11-15 12:31:06,453 INFO org.apache.juli.logging.DirectJDKLog [main] Initializing ProtocolHandler ["http-nio-10010"]
2019-11-15 12:31:06,463 INFO org.apache.juli.logging.DirectJDKLog [main] Starting ProtocolHandler ["http-nio-10010"]
2019-11-15 12:31:06,472 INFO org.apache.juli.logging.DirectJDKLog [main] Using a shared selector for servlet write/read
2019-11-15 12:31:06,492 INFO org.springframework.boot.context.embedded.tomcat.TomcatEmbeddedServletContainer [main] Tomcat started on port(s): 10010 (http)
2019-11-15 12:31:06,492 INFO org.springframework.boot.StartupInfoLogger [main] Started CourseApiApp in 2.576 seconds (JVM running for 3.071)
2019-11-15 12:31:10,667 INFO org.apache.juli.logging.DirectJDKLog [http-nio-10010-exec-2] Initializing Spring FrameworkServlet 'dispatcherServlet'
2019-11-15 12:31:10,667 INFO org.springframework.web.servlet.FrameworkServlet [http-nio-10010-exec-2] FrameworkServlet 'dispatcherServlet': initialization started
2019-11-15 12:31:10,695 INFO org.springframework.web.servlet.FrameworkServlet [http-nio-10010-exec-2] FrameworkServlet 'dispatcherServlet': initialization completed in 27 ms
2019-11-15 12:31:10,769 INFO com.sample.controller.TopicController [http-nio-10010-exec-2] Adding a new topic...
2019-11-15 12:31:10,770 DEBUG com.sample.controller.TopicController [http-nio-10010-exec-2] Request Body : com.sample.repository.Topic@4000c273
